<?xml version="1.0" encoding="UTF-8"?>
<!-- Generated by org.testng.reporters.JUnitReportReporter -->
<testsuite hostname="rmahavenkat" failures="0" tests="5" name="com.CalorieHackers_Runner.TestRunner" time="5.005" errors="0" timestamp="2025-07-31T14:01:34 CDT" skipped="0">
  <testcase classname="com.CalorieHackers_Runner.TestRunner" name="runScenario" time="0.508"/>
  <testcase classname="com.CalorieHackers_Runner.TestRunner" name="runScenario" time="0.611"/>
  <testcase classname="com.CalorieHackers_Runner.TestRunner" name="runScenario" time="1.021"/>
  <testcase classname="com.CalorieHackers_Runner.TestRunner" name="runScenario" time="0.642"/>
  <testcase classname="com.CalorieHackers_Runner.TestRunner" name="runScenario" time="2.223"/>
</testsuite> <!-- com.CalorieHackers_Runner.TestRunner -->
