<?xml version="1.0" encoding="UTF-8"?>
<!-- Generated by org.testng.reporters.JUnitReportReporter -->
<testsuite hostname="rmahavenkat" failures="0" tests="5" name="com.CalorieHackers_Runner.TestRunner" time="4.319" errors="0" timestamp="2025-07-31T01:23:10 CDT" skipped="0">
  <testcase classname="com.CalorieHackers_Runner.TestRunner" name="runScenario" time="0.650"/>
  <testcase classname="com.CalorieHackers_Runner.TestRunner" name="runScenario" time="2.041"/>
  <testcase classname="com.CalorieHackers_Runner.TestRunner" name="runScenario" time="0.569"/>
  <testcase classname="com.CalorieHackers_Runner.TestRunner" name="runScenario" time="0.620"/>
  <testcase classname="com.CalorieHackers_Runner.TestRunner" name="runScenario" time="0.439"/>
</testsuite> <!-- com.CalorieHackers_Runner.TestRunner -->
